<?xml version="1.0" encoding="UTF-8"?>
<!-- Generated by org.testng.reporters.JUnitXMLReporter -->
<testsuite ignored="0" hostname="4-ME" failures="0" tests="4" name="Default test" time="5.588" errors="0" timestamp="2022-05-05T23:34:47 EDT">
  <testcase classname="testcase.Getrequest" name="deletema" time="3.309"/>
  <testcase classname="testcase.Getrequest" name="getr" time="0.992"/>
  <testcase classname="testcase.Getrequest" name="postm1" time="0.76"/>
  <testcase classname="testcase.Getrequest" name="update" time="0.457"/>
</testsuite> <!-- Default test -->
