<?xml version="1.0" encoding="UTF-8"?>
<!-- Generated by org.testng.reporters.JUnitXMLReporter -->
<testsuite ignored="0" hostname="4-ME" failures="0" tests="5" name="Test" time="5.081" errors="0" timestamp="2022-05-05T22:35:29 EDT">
  <testcase classname="testcase.NewTest" name="f" time="0.012"/>
  <testcase classname="testcase.Getrequest" name="deletema" time="3.19"/>
  <testcase classname="testcase.Getrequest" name="getr" time="0.594"/>
  <testcase classname="testcase.Getrequest" name="postm1" time="0.525"/>
  <testcase classname="testcase.Getrequest" name="update" time="0.685"/>
</testsuite> <!-- Test -->
