<?xml version="1.0" encoding="UTF-8"?>
<!-- Generated by org.testng.reporters.JUnitXMLReporter -->
<testsuite ignored="0" hostname="4-ME" failures="0" tests="5" name="Test" time="7.461" errors="0" timestamp="2022-05-05T23:30:00 EDT">
  <testcase classname="testcase.NewTest" name="f" time="0.008"/>
  <testcase classname="testcase.Getrequest" name="deletema" time="5.547"/>
  <testcase classname="testcase.Getrequest" name="getr" time="0.629"/>
  <testcase classname="testcase.Getrequest" name="postm1" time="0.735"/>
  <testcase classname="testcase.Getrequest" name="update" time="0.48"/>
</testsuite> <!-- Test -->
