<?xml version="1.0" encoding="UTF-8"?>
<testng-results ignored="0" total="5" passed="5" failed="0" skipped="0">
  <reporter-output>
  </reporter-output>
  <suite started-at="2022-05-05T23:29:52 EDT" name="Suite" finished-at="2022-05-05T23:30:00 EDT" duration-ms="7461">
    <groups>
    </groups>
    <test started-at="2022-05-05T23:29:52 EDT" name="Test" finished-at="2022-05-05T23:30:00 EDT" duration-ms="7461">
      <class name="testcase.Getrequest">
        <test-method signature="deletema()[pri:0, instance:testcase.Getrequest@120f102b]" started-at="2022-05-05T23:29:52 EDT" name="deletema" finished-at="2022-05-05T23:29:58 EDT" duration-ms="5547" status="PASS">
          <reporter-output>
          </reporter-output>
        </test-method> <!-- deletema -->
        <test-method signature="getr()[pri:0, instance:testcase.Getrequest@120f102b]" started-at="2022-05-05T23:29:58 EDT" name="getr" finished-at="2022-05-05T23:29:59 EDT" duration-ms="629" status="PASS">
          <reporter-output>
          </reporter-output>
        </test-method> <!-- getr -->
        <test-method signature="postm1()[pri:0, instance:testcase.Getrequest@120f102b]" started-at="2022-05-05T23:29:59 EDT" name="postm1" finished-at="2022-05-05T23:29:59 EDT" duration-ms="735" status="PASS">
          <reporter-output>
          </reporter-output>
        </test-method> <!-- postm1 -->
        <test-method signature="update()[pri:0, instance:testcase.Getrequest@120f102b]" started-at="2022-05-05T23:29:59 EDT" name="update" finished-at="2022-05-05T23:30:00 EDT" duration-ms="480" status="PASS">
          <reporter-output>
          </reporter-output>
        </test-method> <!-- update -->
      </class> <!-- testcase.Getrequest -->
      <class name="testcase.NewTest">
        <test-method signature="f()[pri:0, instance:testcase.NewTest@79da8dc5]" started-at="2022-05-05T23:29:52 EDT" name="f" finished-at="2022-05-05T23:29:52 EDT" duration-ms="8" status="PASS">
          <reporter-output>
          </reporter-output>
        </test-method> <!-- f -->
      </class> <!-- testcase.NewTest -->
    </test> <!-- Test -->
  </suite> <!-- Suite -->
</testng-results>
